2026-07-15 09:33:43,569 [INFO] Serving on http://0.0.0.0:8000
2026-07-15 09:34:11,840 [INFO] User admin logged in
2026-07-15 09:34:43,589 [ERROR] Exception on /maintenance/add/1 [GET]
Traceback (most recent call last):
  File "/home/ellie/python_envs/hyperbeast/lib/python3.13/site-packages/flask/app.py", line 1473, in wsgi_app
    response = self.full_dispatch_request()
  File "/home/ellie/python_envs/hyperbeast/lib/python3.13/site-packages/flask/app.py", line 882, in full_dispatch_request
    rv = self.handle_user_exception(e)
  File "/home/ellie/python_envs/hyperbeast/lib/python3.13/site-packages/flask/app.py", line 880, in full_dispatch_request
    rv = self.dispatch_request()
  File "/home/ellie/python_envs/hyperbeast/lib/python3.13/site-packages/flask/app.py", line 865, in dispatch_request
    return self.ensure_sync(self.view_functions[rule.endpoint])(**view_args)  # type: ignore[no-any-return]
           ~~~~~~~~~~~~~~~~~~~~~~~~~~~~~~~~~~~~~~~~~~~~~~~~~~~~^^^^^^^^^^^^^
  File "/home/ellie/Downloads/hem-ich-master/run_production.py", line 64, in decorated_function
    return f(*args, **kwargs)
  File "/home/ellie/Downloads/hem-ich-master/run_production.py", line 451, in add_maintenance
    return render_template('add_maintenance.html', eq_id=eq_id)
  File "/home/ellie/python_envs/hyperbeast/lib/python3.13/site-packages/flask/templating.py", line 150, in render_template
    return _render(app, template, context)
  File "/home/ellie/python_envs/hyperbeast/lib/python3.13/site-packages/flask/templating.py", line 131, in _render
    rv = template.render(context)
  File "/home/ellie/python_envs/hyperbeast/lib/python3.13/site-packages/jinja2/environment.py", line 1304, in render
    self.environment.handle_exception()
    ~~~~~~~~~~~~~~~~~~~~~~~~~~~~~~~~~^^
  File "/home/ellie/python_envs/hyperbeast/lib/python3.13/site-packages/jinja2/environment.py", line 939, in handle_exception
    raise rewrite_traceback_stack(source=source)
  File "/home/ellie/Downloads/hem-ich-master/templates/add_maintenance.html", line 1, in top-level template code
    {% extends 'base.html' %}
  File "/home/ellie/Downloads/hem-ich-master/templates/base.html", line 6, in top-level template code
    <title>{% block title %}Ingutsheni Central | HEM{% endblock %} — HEM Inventory</title>
    ^^^^^^^^^^^^^^^^^^^^^^^
  File "/home/ellie/Downloads/hem-ich-master/templates/add_maintenance.html", line 2, in block 'title'
    {% block title %}Log Maintenance — {{ eq.name }}{% endblock %}
    ^^^^^^^^^^^^^^^^^^^^^^^^^
  File "/home/ellie/python_envs/hyperbeast/lib/python3.13/site-packages/jinja2/environment.py", line 487, in getattr
    return getattr(obj, attribute)
jinja2.exceptions.UndefinedError: 'eq' is undefined
2026-07-15 10:05:48,429 [INFO] Serving on http://0.0.0.0:8000
2026-07-15 10:05:54,636 [ERROR] Exception on /maintenance/add/1 [GET]
Traceback (most recent call last):
  File "/home/ellie/python_envs/hyperbeast/lib/python3.13/site-packages/flask/app.py", line 1473, in wsgi_app
    response = self.full_dispatch_request()
  File "/home/ellie/python_envs/hyperbeast/lib/python3.13/site-packages/flask/app.py", line 882, in full_dispatch_request
    rv = self.handle_user_exception(e)
  File "/home/ellie/python_envs/hyperbeast/lib/python3.13/site-packages/flask/app.py", line 880, in full_dispatch_request
    rv = self.dispatch_request()
  File "/home/ellie/python_envs/hyperbeast/lib/python3.13/site-packages/flask/app.py", line 865, in dispatch_request
    return self.ensure_sync(self.view_functions[rule.endpoint])(**view_args)  # type: ignore[no-any-return]
           ~~~~~~~~~~~~~~~~~~~~~~~~~~~~~~~~~~~~~~~~~~~~~~~~~~~~^^^^^^^^^^^^^
  File "/home/ellie/Documents/Workspace/Projects/Python/hem_ingutsheni/run_production.py", line 64, in decorated_function
    return f(*args, **kwargs)
  File "/home/ellie/Documents/Workspace/Projects/Python/hem_ingutsheni/run_production.py", line 451, in add_maintenance
    return render_template('add_maintenance.html', eq_id=eq_id)
  File "/home/ellie/python_envs/hyperbeast/lib/python3.13/site-packages/flask/templating.py", line 150, in render_template
    return _render(app, template, context)
  File "/home/ellie/python_envs/hyperbeast/lib/python3.13/site-packages/flask/templating.py", line 131, in _render
    rv = template.render(context)
  File "/home/ellie/python_envs/hyperbeast/lib/python3.13/site-packages/jinja2/environment.py", line 1304, in render
    self.environment.handle_exception()
    ~~~~~~~~~~~~~~~~~~~~~~~~~~~~~~~~~^^
  File "/home/ellie/python_envs/hyperbeast/lib/python3.13/site-packages/jinja2/environment.py", line 939, in handle_exception
    raise rewrite_traceback_stack(source=source)
  File "/home/ellie/Documents/Workspace/Projects/Python/hem_ingutsheni/templates/add_maintenance.html", line 1, in top-level template code
    {% extends 'base.html' %}
  File "/home/ellie/Documents/Workspace/Projects/Python/hem_ingutsheni/templates/base.html", line 6, in top-level template code
    <title>{% block title %}Ingutsheni Central | HEM{% endblock %} — HEM Inventory</title>
    ^^^^^^^^^^^^^^^^^^^^^^^
  File "/home/ellie/Documents/Workspace/Projects/Python/hem_ingutsheni/templates/add_maintenance.html", line 2, in block 'title'
    {% block title %}Log Maintenance — {{ eq.name }}{% endblock %}
    ^^^^^^^^^^^^^^^^^^^^^^^^^
  File "/home/ellie/python_envs/hyperbeast/lib/python3.13/site-packages/jinja2/environment.py", line 487, in getattr
    return getattr(obj, attribute)
jinja2.exceptions.UndefinedError: 'eq' is undefined
2026-07-15 10:06:03,694 [ERROR] Exception on /department [GET]
Traceback (most recent call last):
  File "/home/ellie/python_envs/hyperbeast/lib/python3.13/site-packages/flask/app.py", line 1473, in wsgi_app
    response = self.full_dispatch_request()
  File "/home/ellie/python_envs/hyperbeast/lib/python3.13/site-packages/flask/app.py", line 882, in full_dispatch_request
    rv = self.handle_user_exception(e)
  File "/home/ellie/python_envs/hyperbeast/lib/python3.13/site-packages/flask/app.py", line 880, in full_dispatch_request
    rv = self.dispatch_request()
  File "/home/ellie/python_envs/hyperbeast/lib/python3.13/site-packages/flask/app.py", line 865, in dispatch_request
    return self.ensure_sync(self.view_functions[rule.endpoint])(**view_args)  # type: ignore[no-any-return]
           ~~~~~~~~~~~~~~~~~~~~~~~~~~~~~~~~~~~~~~~~~~~~~~~~~~~~^^^^^^^^^^^^^
  File "/home/ellie/Documents/Workspace/Projects/Python/hem_ingutsheni/run_production.py", line 64, in decorated_function
    return f(*args, **kwargs)
  File "/home/ellie/Documents/Workspace/Projects/Python/hem_ingutsheni/run_production.py", line 487, in department_overview
    return render_template('department_overview.html', departments=deps)
  File "/home/ellie/python_envs/hyperbeast/lib/python3.13/site-packages/flask/templating.py", line 150, in render_template
    return _render(app, template, context)
  File "/home/ellie/python_envs/hyperbeast/lib/python3.13/site-packages/flask/templating.py", line 131, in _render
    rv = template.render(context)
  File "/home/ellie/python_envs/hyperbeast/lib/python3.13/site-packages/jinja2/environment.py", line 1304, in render
    self.environment.handle_exception()
    ~~~~~~~~~~~~~~~~~~~~~~~~~~~~~~~~~^^
  File "/home/ellie/python_envs/hyperbeast/lib/python3.13/site-packages/jinja2/environment.py", line 939, in handle_exception
    raise rewrite_traceback_stack(source=source)
  File "/home/ellie/Documents/Workspace/Projects/Python/hem_ingutsheni/templates/department_overview.html", line 1, in top-level template code
    {% extends 'base.html' %}
  File "/home/ellie/Documents/Workspace/Projects/Python/hem_ingutsheni/templates/base.html", line 484, in top-level template code
    {% block content %}{% endblock %}
    ^^^^^^^^^^^^^^^^^^^^^
  File "/home/ellie/Documents/Workspace/Projects/Python/hem_ingutsheni/templates/department_overview.html", line 57, in block 'content'
    {% if unassigned > 0 %}
jinja2.exceptions.UndefinedError: 'unassigned' is undefined
2026-07-15 10:06:22,781 [ERROR] Exception on /department [GET]
Traceback (most recent call last):
  File "/home/ellie/python_envs/hyperbeast/lib/python3.13/site-packages/flask/app.py", line 1473, in wsgi_app
    response = self.full_dispatch_request()
  File "/home/ellie/python_envs/hyperbeast/lib/python3.13/site-packages/flask/app.py", line 882, in full_dispatch_request
    rv = self.handle_user_exception(e)
  File "/home/ellie/python_envs/hyperbeast/lib/python3.13/site-packages/flask/app.py", line 880, in full_dispatch_request
    rv = self.dispatch_request()
  File "/home/ellie/python_envs/hyperbeast/lib/python3.13/site-packages/flask/app.py", line 865, in dispatch_request
    return self.ensure_sync(self.view_functions[rule.endpoint])(**view_args)  # type: ignore[no-any-return]
           ~~~~~~~~~~~~~~~~~~~~~~~~~~~~~~~~~~~~~~~~~~~~~~~~~~~~^^^^^^^^^^^^^
  File "/home/ellie/Documents/Workspace/Projects/Python/hem_ingutsheni/run_production.py", line 64, in decorated_function
    return f(*args, **kwargs)
  File "/home/ellie/Documents/Workspace/Projects/Python/hem_ingutsheni/run_production.py", line 487, in department_overview
    return render_template('department_overview.html', departments=deps)
  File "/home/ellie/python_envs/hyperbeast/lib/python3.13/site-packages/flask/templating.py", line 150, in render_template
    return _render(app, template, context)
  File "/home/ellie/python_envs/hyperbeast/lib/python3.13/site-packages/flask/templating.py", line 131, in _render
    rv = template.render(context)
  File "/home/ellie/python_envs/hyperbeast/lib/python3.13/site-packages/jinja2/environment.py", line 1304, in render
    self.environment.handle_exception()
    ~~~~~~~~~~~~~~~~~~~~~~~~~~~~~~~~~^^
  File "/home/ellie/python_envs/hyperbeast/lib/python3.13/site-packages/jinja2/environment.py", line 939, in handle_exception
    raise rewrite_traceback_stack(source=source)
  File "/home/ellie/Documents/Workspace/Projects/Python/hem_ingutsheni/templates/department_overview.html", line 1, in top-level template code
    {% extends 'base.html' %}
  File "/home/ellie/Documents/Workspace/Projects/Python/hem_ingutsheni/templates/base.html", line 484, in top-level template code
    {% block content %}{% endblock %}
    ^^^^^^^^^^^^^^^^^^^^^
  File "/home/ellie/Documents/Workspace/Projects/Python/hem_ingutsheni/templates/department_overview.html", line 57, in block 'content'
    {% if unassigned > 0 %}
jinja2.exceptions.UndefinedError: 'unassigned' is undefined
2026-07-15 10:06:44,482 [ERROR] Exception on /analytics [GET]
Traceback (most recent call last):
  File "/home/ellie/python_envs/hyperbeast/lib/python3.13/site-packages/flask/app.py", line 1473, in wsgi_app
    response = self.full_dispatch_request()
  File "/home/ellie/python_envs/hyperbeast/lib/python3.13/site-packages/flask/app.py", line 882, in full_dispatch_request
    rv = self.handle_user_exception(e)
  File "/home/ellie/python_envs/hyperbeast/lib/python3.13/site-packages/flask/app.py", line 880, in full_dispatch_request
    rv = self.dispatch_request()
  File "/home/ellie/python_envs/hyperbeast/lib/python3.13/site-packages/flask/app.py", line 865, in dispatch_request
    return self.ensure_sync(self.view_functions[rule.endpoint])(**view_args)  # type: ignore[no-any-return]
           ~~~~~~~~~~~~~~~~~~~~~~~~~~~~~~~~~~~~~~~~~~~~~~~~~~~~^^^^^^^^^^^^^
  File "/home/ellie/Documents/Workspace/Projects/Python/hem_ingutsheni/run_production.py", line 64, in decorated_function
    return f(*args, **kwargs)
  File "/home/ellie/Documents/Workspace/Projects/Python/hem_ingutsheni/run_production.py", line 471, in analytics
    return render_template('analytics.html')
  File "/home/ellie/python_envs/hyperbeast/lib/python3.13/site-packages/flask/templating.py", line 150, in render_template
    return _render(app, template, context)
  File "/home/ellie/python_envs/hyperbeast/lib/python3.13/site-packages/flask/templating.py", line 131, in _render
    rv = template.render(context)
  File "/home/ellie/python_envs/hyperbeast/lib/python3.13/site-packages/jinja2/environment.py", line 1304, in render
    self.environment.handle_exception()
    ~~~~~~~~~~~~~~~~~~~~~~~~~~~~~~~~~^^
  File "/home/ellie/python_envs/hyperbeast/lib/python3.13/site-packages/jinja2/environment.py", line 939, in handle_exception
    raise rewrite_traceback_stack(source=source)
  File "/home/ellie/Documents/Workspace/Projects/Python/hem_ingutsheni/templates/analytics.html", line 1, in top-level template code
    {% extends 'base.html' %}
  File "/home/ellie/Documents/Workspace/Projects/Python/hem_ingutsheni/templates/base.html", line 484, in top-level template code
    {% block content %}{% endblock %}
    ^^^^^^^^^^^^^^^^^^^^^
  File "/home/ellie/Documents/Workspace/Projects/Python/hem_ingutsheni/templates/analytics.html", line 40, in block 'content'
    ${{ '{:,.0f}'.format(kpis['total_asset_value'] or 0) }}
    ^^^^^^^^^^^^^^^^^^^
  File "/home/ellie/python_envs/hyperbeast/lib/python3.13/site-packages/jinja2/environment.py", line 468, in getitem
    return obj[argument]
           ~~~^^^^^^^^^^
jinja2.exceptions.UndefinedError: 'kpis' is undefined
2026-07-15 11:47:39,629 [INFO] Serving on http://0.0.0.0:8000
2026-07-15 11:47:50,585 [ERROR] Exception on /department [GET]
Traceback (most recent call last):
  File "/home/ellie/python_envs/hyperbeast/lib/python3.13/site-packages/flask/app.py", line 1473, in wsgi_app
    response = self.full_dispatch_request()
  File "/home/ellie/python_envs/hyperbeast/lib/python3.13/site-packages/flask/app.py", line 882, in full_dispatch_request
    rv = self.handle_user_exception(e)
  File "/home/ellie/python_envs/hyperbeast/lib/python3.13/site-packages/flask/app.py", line 880, in full_dispatch_request
    rv = self.dispatch_request()
  File "/home/ellie/python_envs/hyperbeast/lib/python3.13/site-packages/flask/app.py", line 865, in dispatch_request
    return self.ensure_sync(self.view_functions[rule.endpoint])(**view_args)  # type: ignore[no-any-return]
           ~~~~~~~~~~~~~~~~~~~~~~~~~~~~~~~~~~~~~~~~~~~~~~~~~~~~^^^^^^^^^^^^^
  File "/home/ellie/Documents/Workspace/Projects/Python/hem_ingutsheni/run_production.py", line 64, in decorated_function
    return f(*args, **kwargs)
  File "/home/ellie/Documents/Workspace/Projects/Python/hem_ingutsheni/run_production.py", line 505, in department_overview
    return render_template('department_overview.html', departments=departments, unassigned=unassigned)
  File "/home/ellie/python_envs/hyperbeast/lib/python3.13/site-packages/flask/templating.py", line 150, in render_template
    return _render(app, template, context)
  File "/home/ellie/python_envs/hyperbeast/lib/python3.13/site-packages/flask/templating.py", line 131, in _render
    rv = template.render(context)
  File "/home/ellie/python_envs/hyperbeast/lib/python3.13/site-packages/jinja2/environment.py", line 1304, in render
    self.environment.handle_exception()
    ~~~~~~~~~~~~~~~~~~~~~~~~~~~~~~~~~^^
  File "/home/ellie/python_envs/hyperbeast/lib/python3.13/site-packages/jinja2/environment.py", line 939, in handle_exception
    raise rewrite_traceback_stack(source=source)
  File "/home/ellie/Documents/Workspace/Projects/Python/hem_ingutsheni/templates/department_overview.html", line 1, in top-level template code
    {% extends 'base.html' %}
  File "/home/ellie/Documents/Workspace/Projects/Python/hem_ingutsheni/templates/base.html", line 484, in top-level template code
    {% block content %}{% endblock %}
    ^^^^^^^^^^^^^^^^^^^^^
  File "/home/ellie/Documents/Workspace/Projects/Python/hem_ingutsheni/templates/department_overview.html", line 69, in block 'content'
    <a href="{{ url_for('department_detail', dept=dept['department']) }}" class="dept-card"
    ^^^^^^^^^^^^^^^^^^^^^^^
  File "/home/ellie/python_envs/hyperbeast/lib/python3.13/site-packages/flask/app.py", line 1084, in url_for
    return self.handle_url_build_error(error, endpoint, values)
           ~~~~~~~~~~~~~~~~~~~~~~~~~~~^^^^^^^^^^^^^^^^^^^^^^^^^
  File "/home/ellie/python_envs/hyperbeast/lib/python3.13/site-packages/flask/app.py", line 1073, in url_for
    rv = url_adapter.build(  # type: ignore[union-attr]
        endpoint,
    ...<3 lines>...
        force_external=_external,
    )
  File "/home/ellie/python_envs/hyperbeast/lib/python3.13/site-packages/werkzeug/routing/map.py", line 924, in build
    raise BuildError(endpoint, values, method, self)
werkzeug.routing.exceptions.BuildError: Could not build url for endpoint 'department_detail' with values ['dept']. Did you mean 'equipment_detail' instead?
2026-07-15 12:11:24,806 [INFO] Serving on http://0.0.0.0:8000
2026-07-15 12:17:43,754 [ERROR] Exception on /department/ICU [GET]
Traceback (most recent call last):
  File "/home/ellie/python_envs/hyperbeast/lib/python3.13/site-packages/flask/app.py", line 1473, in wsgi_app
    response = self.full_dispatch_request()
  File "/home/ellie/python_envs/hyperbeast/lib/python3.13/site-packages/flask/app.py", line 882, in full_dispatch_request
    rv = self.handle_user_exception(e)
  File "/home/ellie/python_envs/hyperbeast/lib/python3.13/site-packages/flask/app.py", line 880, in full_dispatch_request
    rv = self.dispatch_request()
  File "/home/ellie/python_envs/hyperbeast/lib/python3.13/site-packages/flask/app.py", line 865, in dispatch_request
    return self.ensure_sync(self.view_functions[rule.endpoint])(**view_args)  # type: ignore[no-any-return]
           ~~~~~~~~~~~~~~~~~~~~~~~~~~~~~~~~~~~~~~~~~~~~~~~~~~~~^^^^^^^^^^^^^
  File "/home/ellie/Documents/Workspace/Projects/Python/hem_ingutsheni/run_production.py", line 64, in decorated_function
    return f(*args, **kwargs)
  File "/home/ellie/Documents/Workspace/Projects/Python/hem_ingutsheni/run_production.py", line 511, in department_detail
    return render_template('department_detail.html', dept=dept, equipment=equipment)
  File "/home/ellie/python_envs/hyperbeast/lib/python3.13/site-packages/flask/templating.py", line 150, in render_template
    return _render(app, template, context)
  File "/home/ellie/python_envs/hyperbeast/lib/python3.13/site-packages/flask/templating.py", line 131, in _render
    rv = template.render(context)
  File "/home/ellie/python_envs/hyperbeast/lib/python3.13/site-packages/jinja2/environment.py", line 1304, in render
    self.environment.handle_exception()
    ~~~~~~~~~~~~~~~~~~~~~~~~~~~~~~~~~^^
  File "/home/ellie/python_envs/hyperbeast/lib/python3.13/site-packages/jinja2/environment.py", line 939, in handle_exception
    raise rewrite_traceback_stack(source=source)
  File "/home/ellie/Documents/Workspace/Projects/Python/hem_ingutsheni/templates/department_detail.html", line 1, in top-level template code
    {% extends 'base.html' %}
  File "/home/ellie/Documents/Workspace/Projects/Python/hem_ingutsheni/templates/base.html", line 484, in top-level template code
    {% block content %}{% endblock %}
    ^^^^^^^^^^^^^^^^^^^^^
  File "/home/ellie/Documents/Workspace/Projects/Python/hem_ingutsheni/templates/department_detail.html", line 30, in block 'content'
    <div class="label">Total Assets</div><div class="value">{{ stats.total }}</div></div>
    ^^^^^^^^^^^^^^^^^^^^^
  File "/home/ellie/python_envs/hyperbeast/lib/python3.13/site-packages/jinja2/environment.py", line 487, in getattr
    return getattr(obj, attribute)
jinja2.exceptions.UndefinedError: 'stats' is undefined
2026-07-15 12:55:42,677 [ERROR] Exception on /department/ICU [GET]
Traceback (most recent call last):
  File "/home/ellie/python_envs/hyperbeast/lib/python3.13/site-packages/flask/app.py", line 1473, in wsgi_app
    response = self.full_dispatch_request()
  File "/home/ellie/python_envs/hyperbeast/lib/python3.13/site-packages/flask/app.py", line 882, in full_dispatch_request
    rv = self.handle_user_exception(e)
  File "/home/ellie/python_envs/hyperbeast/lib/python3.13/site-packages/flask/app.py", line 880, in full_dispatch_request
    rv = self.dispatch_request()
  File "/home/ellie/python_envs/hyperbeast/lib/python3.13/site-packages/flask/app.py", line 865, in dispatch_request
    return self.ensure_sync(self.view_functions[rule.endpoint])(**view_args)  # type: ignore[no-any-return]
           ~~~~~~~~~~~~~~~~~~~~~~~~~~~~~~~~~~~~~~~~~~~~~~~~~~~~^^^^^^^^^^^^^
  File "/home/ellie/Documents/Workspace/Projects/Python/hem_ingutsheni/run_production.py", line 64, in decorated_function
    return f(*args, **kwargs)
  File "/home/ellie/Documents/Workspace/Projects/Python/hem_ingutsheni/run_production.py", line 511, in department_detail
  File "/home/ellie/python_envs/hyperbeast/lib/python3.13/site-packages/flask/templating.py", line 150, in render_template
    return _render(app, template, context)
  File "/home/ellie/python_envs/hyperbeast/lib/python3.13/site-packages/flask/templating.py", line 131, in _render
    rv = template.render(context)
  File "/home/ellie/python_envs/hyperbeast/lib/python3.13/site-packages/jinja2/environment.py", line 1304, in render
    self.environment.handle_exception()
    ~~~~~~~~~~~~~~~~~~~~~~~~~~~~~~~~~^^
  File "/home/ellie/python_envs/hyperbeast/lib/python3.13/site-packages/jinja2/environment.py", line 939, in handle_exception
    raise rewrite_traceback_stack(source=source)
  File "/home/ellie/Documents/Workspace/Projects/Python/hem_ingutsheni/templates/department_detail.html", line 1, in top-level template code
    {% extends 'base.html' %}
  File "/home/ellie/Documents/Workspace/Projects/Python/hem_ingutsheni/templates/base.html", line 484, in top-level template code
    {% block content %}{% endblock %}
    ^^^^^^^^^^^^^^^^^^^^^
  File "/home/ellie/Documents/Workspace/Projects/Python/hem_ingutsheni/templates/department_detail.html", line 30, in block 'content'
    <div class="label">Total Assets</div><div class="value">{{ stats.total }}</div></div>
    ^^^^^^^^^^^^^^^^^^^^^
  File "/home/ellie/python_envs/hyperbeast/lib/python3.13/site-packages/jinja2/environment.py", line 487, in getattr
    return getattr(obj, attribute)
jinja2.exceptions.UndefinedError: 'stats' is undefined
2026-07-15 14:57:44,848 [INFO] Serving on http://0.0.0.0:8000
2026-07-15 14:59:16,351 [ERROR] Exception on /maintenance/add/2 [GET]
Traceback (most recent call last):
  File "/home/ellie/python_envs/hyperbeast/lib/python3.13/site-packages/flask/app.py", line 1473, in wsgi_app
    response = self.full_dispatch_request()
  File "/home/ellie/python_envs/hyperbeast/lib/python3.13/site-packages/flask/app.py", line 882, in full_dispatch_request
    rv = self.handle_user_exception(e)
  File "/home/ellie/python_envs/hyperbeast/lib/python3.13/site-packages/flask/app.py", line 880, in full_dispatch_request
    rv = self.dispatch_request()
  File "/home/ellie/python_envs/hyperbeast/lib/python3.13/site-packages/flask/app.py", line 865, in dispatch_request
    return self.ensure_sync(self.view_functions[rule.endpoint])(**view_args)  # type: ignore[no-any-return]
           ~~~~~~~~~~~~~~~~~~~~~~~~~~~~~~~~~~~~~~~~~~~~~~~~~~~~^^^^^^^^^^^^^
  File "/home/ellie/Documents/Workspace/Projects/Python/hem_ingutsheni/run_production.py", line 64, in decorated_function
    return f(*args, **kwargs)
  File "/home/ellie/Documents/Workspace/Projects/Python/hem_ingutsheni/run_production.py", line 451, in add_maintenance
    return render_template('add_maintenance.html', eq_id=eq_id)
  File "/home/ellie/python_envs/hyperbeast/lib/python3.13/site-packages/flask/templating.py", line 150, in render_template
    return _render(app, template, context)
  File "/home/ellie/python_envs/hyperbeast/lib/python3.13/site-packages/flask/templating.py", line 131, in _render
    rv = template.render(context)
  File "/home/ellie/python_envs/hyperbeast/lib/python3.13/site-packages/jinja2/environment.py", line 1304, in render
    self.environment.handle_exception()
    ~~~~~~~~~~~~~~~~~~~~~~~~~~~~~~~~~^^
  File "/home/ellie/python_envs/hyperbeast/lib/python3.13/site-packages/jinja2/environment.py", line 939, in handle_exception
    raise rewrite_traceback_stack(source=source)
  File "/home/ellie/Documents/Workspace/Projects/Python/hem_ingutsheni/templates/add_maintenance.html", line 1, in top-level template code
    {% extends 'base.html' %}
  File "/home/ellie/Documents/Workspace/Projects/Python/hem_ingutsheni/templates/base.html", line 6, in top-level template code
    <title>{% block title %}Ingutsheni Central | HEM{% endblock %} — HEM Inventory</title>
    ^^^^^^^^^^^^^^^^^^^^^^^
  File "/home/ellie/Documents/Workspace/Projects/Python/hem_ingutsheni/templates/add_maintenance.html", line 2, in block 'title'
    {% block title %}Log Maintenance — {{ eq.name }}{% endblock %}
    ^^^^^^^^^^^^^^^^^^^^^^^^^
  File "/home/ellie/python_envs/hyperbeast/lib/python3.13/site-packages/jinja2/environment.py", line 487, in getattr
    return getattr(obj, attribute)
jinja2.exceptions.UndefinedError: 'eq' is undefined
2026-07-15 15:11:18,598 [INFO] Serving on http://0.0.0.0:8000
2026-07-15 15:30:02,889 [INFO] Serving on http://0.0.0.0:8000
2026-07-15 16:16:20,962 [INFO] Serving on http://0.0.0.0:8000
2026-07-15 16:16:23,324 [ERROR] Exception on /equipment/2/request-disposal [GET]
Traceback (most recent call last):
  File "/home/ellie/python_envs/hyperbeast/lib/python3.13/site-packages/flask/app.py", line 1473, in wsgi_app
    response = self.full_dispatch_request()
  File "/home/ellie/python_envs/hyperbeast/lib/python3.13/site-packages/flask/app.py", line 882, in full_dispatch_request
    rv = self.handle_user_exception(e)
  File "/home/ellie/python_envs/hyperbeast/lib/python3.13/site-packages/flask/app.py", line 880, in full_dispatch_request
    rv = self.dispatch_request()
  File "/home/ellie/python_envs/hyperbeast/lib/python3.13/site-packages/flask/app.py", line 865, in dispatch_request
    return self.ensure_sync(self.view_functions[rule.endpoint])(**view_args)  # type: ignore[no-any-return]
           ~~~~~~~~~~~~~~~~~~~~~~~~~~~~~~~~~~~~~~~~~~~~~~~~~~~~^^^^^^^^^^^^^
  File "/home/ellie/Documents/Workspace/Projects/Python/hem_ingutsheni/run_production.py", line 64, in decorated_function
    return f(*args, **kwargs)
  File "/home/ellie/Documents/Workspace/Projects/Python/hem_ingutsheni/run_production.py", line 362, in request_disposal
    return render_template('request_disposal.html', eq_id=eq_id)
  File "/home/ellie/python_envs/hyperbeast/lib/python3.13/site-packages/flask/templating.py", line 150, in render_template
    return _render(app, template, context)
  File "/home/ellie/python_envs/hyperbeast/lib/python3.13/site-packages/flask/templating.py", line 131, in _render
    rv = template.render(context)
  File "/home/ellie/python_envs/hyperbeast/lib/python3.13/site-packages/jinja2/environment.py", line 1304, in render
    self.environment.handle_exception()
    ~~~~~~~~~~~~~~~~~~~~~~~~~~~~~~~~~^^
  File "/home/ellie/python_envs/hyperbeast/lib/python3.13/site-packages/jinja2/environment.py", line 939, in handle_exception
    raise rewrite_traceback_stack(source=source)
  File "/home/ellie/Documents/Workspace/Projects/Python/hem_ingutsheni/templates/request_disposal.html", line 1, in top-level template code
    {% extends 'base.html' %}
  File "/home/ellie/Documents/Workspace/Projects/Python/hem_ingutsheni/templates/base.html", line 6, in top-level template code
    <title>{% block title %}Ingutsheni Central | HEM{% endblock %} — HEM Inventory</title>
    ^^^^^^^^^^^^^^^^^^^^^^^
  File "/home/ellie/Documents/Workspace/Projects/Python/hem_ingutsheni/templates/request_disposal.html", line 2, in block 'title'
    {% block title %}Request Disposal — {{ eq.name }}{% endblock %}
    ^^^^^^^^^^^^^^^^^^^^^^^^^
  File "/home/ellie/python_envs/hyperbeast/lib/python3.13/site-packages/jinja2/environment.py", line 487, in getattr
    return getattr(obj, attribute)
jinja2.exceptions.UndefinedError: 'eq' is undefined
2026-07-16 09:26:06,187 [INFO] Serving on http://0.0.0.0:8000
2026-07-16 09:26:39,379 [INFO] User admin logged in
2026-07-20 14:07:51,714 [INFO] Serving on http://0.0.0.0:8000
2026-07-20 14:08:28,934 [INFO] User admin logged in
2026-07-20 15:49:56,607 [INFO] Serving on http://0.0.0.0:8000
2026-07-20 15:50:06,040 [INFO] User admin logged in
